  Source.cpp
t:\#mis340\portfolio\myprogramminglab half\excercise 73013\excercise 73013\source.cpp(27): error C2679: binary '>>': no operator found which takes a right-hand operand of type 'int [50]' (or there is no acceptable conversion)
  c:\program files (x86)\microsoft visual studio 14.0\vc\include\istream(482): note: could be 'std::basic_istream<char,std::char_traits<char>> &std::basic_istream<char,std::char_traits<char>>::operator >>(std::basic_streambuf<char,std::char_traits<char>> *)'
  c:\program files (x86)\microsoft visual studio 14.0\vc\include\istream(463): note: or       'std::basic_istream<char,std::char_traits<char>> &std::basic_istream<char,std::char_traits<char>>::operator >>(void *&)'
  c:\program files (x86)\microsoft visual studio 14.0\vc\include\istream(445): note: or       'std::basic_istream<char,std::char_traits<char>> &std::basic_istream<char,std::char_traits<char>>::operator >>(long double &)'
  c:\program files (x86)\microsoft visual studio 14.0\vc\include\istream(427): note: or       'std::basic_istream<char,std::char_traits<char>> &std::basic_istream<char,std::char_traits<char>>::operator >>(double &)'
  c:\program files (x86)\microsoft visual studio 14.0\vc\include\istream(408): note: or       'std::basic_istream<char,std::char_traits<char>> &std::basic_istream<char,std::char_traits<char>>::operator >>(float &)'
  c:\program files (x86)\microsoft visual studio 14.0\vc\include\istream(390): note: or       'std::basic_istream<char,std::char_traits<char>> &std::basic_istream<char,std::char_traits<char>>::operator >>(unsigned __int64 &)'
  c:\program files (x86)\microsoft visual studio 14.0\vc\include\istream(371): note: or       'std::basic_istream<char,std::char_traits<char>> &std::basic_istream<char,std::char_traits<char>>::operator >>(__int64 &)'
  c:\program files (x86)\microsoft visual studio 14.0\vc\include\istream(352): note: or       'std::basic_istream<char,std::char_traits<char>> &std::basic_istream<char,std::char_traits<char>>::operator >>(unsigned long &)'
  c:\program files (x86)\microsoft visual studio 14.0\vc\include\istream(334): note: or       'std::basic_istream<char,std::char_traits<char>> &std::basic_istream<char,std::char_traits<char>>::operator >>(long &)'
  c:\program files (x86)\microsoft visual studio 14.0\vc\include\istream(316): note: or       'std::basic_istream<char,std::char_traits<char>> &std::basic_istream<char,std::char_traits<char>>::operator >>(unsigned int &)'
  c:\program files (x86)\microsoft visual studio 14.0\vc\include\istream(290): note: or       'std::basic_istream<char,std::char_traits<char>> &std::basic_istream<char,std::char_traits<char>>::operator >>(int &)'
  c:\program files (x86)\microsoft visual studio 14.0\vc\include\istream(271): note: or       'std::basic_istream<char,std::char_traits<char>> &std::basic_istream<char,std::char_traits<char>>::operator >>(unsigned short &)'
  c:\program files (x86)\microsoft visual studio 14.0\vc\include\istream(236): note: or       'std::basic_istream<char,std::char_traits<char>> &std::basic_istream<char,std::char_traits<char>>::operator >>(short &)'
  c:\program files (x86)\microsoft visual studio 14.0\vc\include\istream(217): note: or       'std::basic_istream<char,std::char_traits<char>> &std::basic_istream<char,std::char_traits<char>>::operator >>(bool &)'
  c:\program files (x86)\microsoft visual studio 14.0\vc\include\istream(210): note: or       'std::basic_istream<char,std::char_traits<char>> &std::basic_istream<char,std::char_traits<char>>::operator >>(std::ios_base &(__cdecl *)(std::ios_base &))'
  c:\program files (x86)\microsoft visual studio 14.0\vc\include\istream(203): note: or       'std::basic_istream<char,std::char_traits<char>> &std::basic_istream<char,std::char_traits<char>>::operator >>(std::basic_ios<char,std::char_traits<char>> &(__cdecl *)(std::basic_ios<char,std::char_traits<char>> &))'
  c:\program files (x86)\microsoft visual studio 14.0\vc\include\istream(197): note: or       'std::basic_istream<char,std::char_traits<char>> &std::basic_istream<char,std::char_traits<char>>::operator >>(std::basic_istream<char,std::char_traits<char>> &(__cdecl *)(std::basic_istream<char,std::char_traits<char>> &))'
  c:\program files (x86)\microsoft visual studio 14.0\vc\include\istream(1104): note: or       'std::basic_istream<char,std::char_traits<char>> &std::operator >><char,std::char_traits<char>,int[50]>(std::basic_istream<char,std::char_traits<char>> &&,_Ty (&))'
          with
          [
              _Ty=int [50]
          ]
  c:\program files (x86)\microsoft visual studio 14.0\vc\include\istream(1094): note: or       'std::basic_istream<char,std::char_traits<char>> &std::operator >><std::char_traits<char>>(std::basic_istream<char,std::char_traits<char>> &,unsigned char &)'
  c:\program files (x86)\microsoft visual studio 14.0\vc\include\istream(1087): note: or       'std::basic_istream<char,std::char_traits<char>> &std::operator >><std::char_traits<char>>(std::basic_istream<char,std::char_traits<char>> &,unsigned char *)'
  c:\program files (x86)\microsoft visual studio 14.0\vc\include\istream(1080): note: or       'std::basic_istream<char,std::char_traits<char>> &std::operator >><std::char_traits<char>>(std::basic_istream<char,std::char_traits<char>> &,signed char &)'
  c:\program files (x86)\microsoft visual studio 14.0\vc\include\istream(1073): note: or       'std::basic_istream<char,std::char_traits<char>> &std::operator >><std::char_traits<char>>(std::basic_istream<char,std::char_traits<char>> &,signed char *)'
  t:\#mis340\portfolio\myprogramminglab half\excercise 73013\excercise 73013\source.cpp(27): note: while trying to match the argument list '(std::istream, int [50])'
t:\#mis340\portfolio\myprogramminglab half\excercise 73013\excercise 73013\source.cpp(51): error C2440: '=': cannot convert from 'int [50]' to 'int'
  t:\#mis340\portfolio\myprogramminglab half\excercise 73013\excercise 73013\source.cpp(51): note: There is no context in which this conversion is possible
